483 2 0.416154 66.4567
435 2 0.611518 71.8889
462 2 0.272749 100
458 2 0.323027 93.5853
410 2 0.253088 99.6634
416 2 0.301646 26.8759
433 2 1.14867 76.7856
445 2 0.386811 15.4759
471 2 0.412799 59.5207
999 2 0.336211 95.9053
482 2 0.445645 97.1648
464 2 0.288834 70.5394
473 2 0.267647 5.84718
453 2 0.36043 39.9123
447 2 0.456463 42.7067
459 2 0.368143 84.1525
444 2 0.273803 66.2892
454 2 0.323196 34.7779
450 2 0.358864 15.6593
436 2 0.433695 74.8018
403 2 0.605491 41.2183
470 2 1.15388 99.9735
429 2 2.52089 74.9865
456 2 0.258513 71.4736
465 2 0.3479 78.979
401 2 0.556503 61.559
437 2 1.51753 82.5461
400 2 0.647224 41.4814
434 2 0.451783 80.9502
