483 2 0.417412 66.3615
435 2 0.626231 78.296
401 0 0.554642 61.7369
434 1 0.454491 82.6395
482 1 0.445665 97.262
462 2 0.272749 100
465 0 0.347856 78.8694
458 2 0.323083 93.6413
410 2 0.253088 99.6634
435 1 0.623448 74.3719
482 0 0.445644 97.156
464 0 0.28787 70.0086
401 1 0.561004 61.6783
444 1 0.273805 66.3123
416 2 0.302978 27.9925
433 2 1.16033 76.5142
454 1 0.330771 38.3193
458 1 0.323338 94.1036
470 1 1.15435 99.9385
433 0 1.14939 77.0164
445 2 0.397915 18.5259
450 1 0.366572 17.5536
436 0 0.44249 76.1164
459 0 0.368143 84.1525
464 1 0.291897 71.7721
403 1 0.632975 45.6397
471 2 0.41286 59.75
999 2 0.336243 96.2892
400 0 0.642823 40.7952
482 2 0.445679 97.3326
403 0 0.614864 42.7521
437 0 1.50626 84.0284
434 0 0.451633 80.81
410 0 0.253088 99.6634
464 2 0.291211 71.5665
473 2 0.267647 5.84718
410 1 0.253088 99.6634
456 0 0.258513 71.4736
453 2 0.360482 40.0615
447 2 0.437237 38.458
458 0 0.323006 93.5415
400 1 0.665731 44.4057
436 1 0.436016 73.7824
445 1 0.406574 20.4838
459 2 0.368143 84.1525
999 0 0.336211 95.9373
462 0 0.272749 100
447 1 0.449077 41.7856
450 0 0.356909 15.2011
444 2 0.273802 66.2834
453 0 0.360431 39.9258
459 1 0.368143 84.1525
416 1 0.302997 27.6546
416 0 0.30022 26.3204
429 1 2.5574 76.6152
454 2 0.333721 39.9058
450 2 0.368417 18.052
473 1 0.267647 5.84718
483 1 0.420899 67.5795
436 2 0.41277 70.3947
403 2 0.609368 42.0792
454 0 0.321346 34.05
470 2 1.15328 99.7012
429 2 2.48288 74.1162
437 1 1.52591 80.9639
462 1 0.272749 100
447 0 0.463916 45.0892
473 0 0.267647 5.84718
483 0 0.414993 66.2759
456 1 0.258513 71.4736
445 0 0.383876 14.919
471 1 0.412934 60.0557
456 2 0.25852 71.5262
470 0 1.15379 99.9725
429 0 2.55358 75.676
444 0 0.273795 66.2603
465 2 0.347977 79.1933
435 0 0.607769 71.1979
401 2 0.560537 61.2509
471 0 0.41278 59.4443
437 2 1.4997 79.2503
453 1 0.360522 40.2017
400 2 0.656911 43.0003
434 2 0.453089 82.1791
465 1 0.348094 79.4314
433 1 1.14819 76.2749
999 1 0.336246 96.3212
